Log file open, 11/25/18 23:43:30
LogWindows: Failed to load 'aqProf.dll' (GetLastError=126)
LogWindows: File 'aqProf.dll' does not exist
LogWindows: Failed to load 'VtuneApi.dll' (GetLastError=126)
LogWindows: File 'VtuneApi.dll' does not exist
LogWindows: Failed to load 'VtuneApi32e.dll' (GetLastError=126)
LogWindows: File 'VtuneApi32e.dll' does not exist
LogConsoleResponse: Display: Failed to find resolution value strings in scalability ini. Falling back to default.
LogInit: Display: Running engine for game: HouseFund
LogPakFile: Registered encryption key '00000000000000000000000000000000': 0 pak files mounted, 0 remain pending
LogPlatformFile: Not using cached read wrapper
LogTaskGraph: Started task graph with 5 named threads and 23 total threads with 3 sets of task threads.
LogStats: Stats thread started at 0.306406
LogD3D11RHI: Loaded GFSDK_Aftermath_Lib.x64.dll
LogICUInternationalization: ICU TimeZone Detection - Raw Offset: -7:00, Platform Override: ''
LogPluginManager: Mounting plugin Paper2D
LogPluginManager: Mounting plugin AISupport
LogPluginManager: Mounting plugin LightPropagationVolume
LogPluginManager: Mounting plugin ActorLayerUtilities
LogPluginManager: Mounting plugin CLionSourceCodeAccess
LogPluginManager: Mounting plugin CodeLiteSourceCodeAccess
LogPluginManager: Mounting plugin GitSourceControl
LogPluginManager: Mounting plugin KDevelopSourceCodeAccess
LogPluginManager: Mounting plugin NullSourceCodeAccess
LogPluginManager: Mounting plugin PerforceSourceControl
LogPluginManager: Mounting plugin SubversionSourceControl
LogPluginManager: Mounting plugin UObjectPlugin
LogPluginManager: Mounting plugin VisualStudioCodeSourceCodeAccess
LogPluginManager: Mounting plugin VisualStudioSourceCodeAccess
LogPluginManager: Mounting plugin XCodeSourceCodeAccess
LogPluginManager: Mounting plugin AssetManagerEditor
LogPluginManager: Mounting plugin CryptoKeys
LogPluginManager: Mounting plugin DataValidation
LogPluginManager: Mounting plugin FacialAnimation
LogPluginManager: Mounting plugin GameplayTagsEditor
LogPluginManager: Mounting plugin MacGraphicsSwitching
LogPluginManager: Mounting plugin MeshEditor
LogPluginManager: Mounting plugin MobileLauncherProfileWizard
LogPluginManager: Mounting plugin PluginBrowser
LogPluginManager: Mounting plugin SpeedTreeImporter
LogPluginManager: Mounting plugin DatasmithContent
LogPluginManager: Mounting plugin VariantManagerContent
LogPluginManager: Mounting plugin AlembicImporter
LogPluginManager: Mounting plugin AppleImageUtils
LogPluginManager: Mounting plugin AppleVision
LogPluginManager: Mounting plugin BackChannel
LogPluginManager: Mounting plugin CharacterAI
LogPluginManager: Mounting plugin GeometryCache
LogPluginManager: Mounting plugin HTML5Networking
LogPluginManager: Mounting plugin ProxyLODPlugin
LogPluginManager: Mounting plugin MagicLeap
LogPluginManager: Mounting plugin MagicLeapMedia
LogPluginManager: Mounting plugin AndroidMedia
LogPluginManager: Mounting plugin AvfMedia
LogPluginManager: Mounting plugin ImgMedia
LogPluginManager: Mounting plugin LinearTimecode
LogPluginManager: Mounting plugin MediaCompositing
LogPluginManager: Mounting plugin MediaPlayerEditor
LogPluginManager: Mounting plugin WebMMedia
LogPluginManager: Mounting plugin WmfMedia
LogPluginManager: Mounting plugin TcpMessaging
LogPluginManager: Mounting plugin UdpMessaging
LogPluginManager: Mounting plugin ActorSequence
LogPluginManager: Mounting plugin LevelSequenceEditor
LogPluginManager: Mounting plugin MatineeToLevelSequence
LogPluginManager: Mounting plugin NetcodeUnitTest
LogPluginManager: Mounting plugin NUTUnrealEngine4
LogPluginManager: Mounting plugin OnlineSubsystemGooglePlay
LogPluginManager: Mounting plugin OnlineSubsystemIOS
LogPluginManager: Mounting plugin OnlineSubsystem
LogPluginManager: Mounting plugin OnlineSubsystemNull
LogPluginManager: Mounting plugin OnlineSubsystemUtils
LogPluginManager: Mounting plugin LauncherChunkInstaller
LogPluginManager: Mounting plugin AndroidDeviceProfileSelector
LogPluginManager: Mounting plugin AndroidMoviePlayer
LogPluginManager: Mounting plugin AndroidPermission
LogPluginManager: Mounting plugin AppleMoviePlayer
LogPluginManager: Mounting plugin ArchVisCharacter
LogPluginManager: Mounting plugin AudioCapture
LogPluginManager: Mounting plugin CableComponent
LogPluginManager: Mounting plugin CustomMeshComponent
LogPluginManager: Mounting plugin EditableMesh
LogPluginManager: Mounting plugin ExampleDeviceProfileSelector
LogPluginManager: Mounting plugin Firebase
LogPluginManager: Mounting plugin GoogleCloudMessaging
LogPluginManager: Mounting plugin IOSDeviceProfileSelector
LogPluginManager: Mounting plugin LinuxDeviceProfileSelector
LogPluginManager: Mounting plugin LocationServicesBPLibrary
LogPluginManager: Mounting plugin MobilePatchingUtils
LogPluginManager: Mounting plugin OculusVR
LogPluginManager: Mounting plugin PhysXVehicles
LogPluginManager: Mounting plugin ProceduralMeshComponent
LogPluginManager: Mounting plugin RuntimePhysXCooking
LogPluginManager: Mounting plugin SteamVR
LogPluginManager: Mounting plugin WebMMoviePlayer
LogPluginManager: Mounting plugin WindowsMoviePlayer
LogStreaming: Display: Took  0.098s to configure plugins.
LogInit: Using libcurl 7.55.1-DEV
LogInit:  - built for x86_64-pc-win32
LogInit:  - supports SSL with OpenSSL/1.0.2h
LogInit:  - supports HTTP deflate (compression) using libz 1.2.8
LogInit:  - other features:
LogInit:      CURL_VERSION_SSL
LogInit:      CURL_VERSION_LIBZ
LogInit:      CURL_VERSION_IPV6
LogInit:      CURL_VERSION_ASYNCHDNS
LogInit:      CURL_VERSION_LARGEFILE
LogInit:      CURL_VERSION_IDN
LogInit:  CurlRequestOptions (configurable via config and command line):
LogInit:  - bVerifyPeer = true  - Libcurl will verify peer certificate
LogInit:  - bUseHttpProxy = false  - Libcurl will NOT use HTTP proxy
LogInit:  - bDontReuseConnections = false  - Libcurl will reuse connections
LogInit:  - MaxHostConnections = 16  - Libcurl will limit the number of connections to a host
LogInit:  - LocalHostAddr = Default
LogInit:  - BufferSize = 65536
LogInit: WinSock: version 1.1 (2.2), MaxSocks=32767, MaxUdp=65467
LogInit: Build: ++UE4+Release-4.21-CL-4541578
LogInit: Engine Version: 4.21.0-4541578+++UE4+Release-4.21
LogInit: Compatible Engine Version: 4.21.0-4541578+++UE4+Release-4.21
LogInit: Net CL: 4541578
LogInit: OS: Windows 7 (Service Pack 1), CPU:       Intel(R) Core(TM) i7-2760QM CPU @ 2.40GHz, GPU: NVIDIA Quadro 3000M
LogInit: Compiled (64-bit): Nov  6 2018 02:04:24
LogInit: Compiled with Visual C++: 19.13.26129.00
LogInit: Build Configuration: Development
LogInit: Branch Name: ++UE4+Release-4.21
LogInit: Command Line: 
LogInit: Base Directory: C:/Program Files/Epic Games/UE_4.21/Engine/Binaries/Win64/
LogInit: Installed Engine Build: 1
LogDevObjectVersion: Number of dev versions registered: 22
LogDevObjectVersion:   Dev-Blueprints (B0D832E4-1F89-4F0D-ACCF-7EB736FD4AA2): 10
LogDevObjectVersion:   Dev-Build (E1C64328-A22C-4D53-A36C-8E866417BD8C): 0
LogDevObjectVersion:   Dev-Core (375EC13C-06E4-48FB-B500-84F0262A717E): 2
LogDevObjectVersion:   Dev-Editor (E4B068ED-F494-42E9-A231-DA0B2E46BB41): 26
LogDevObjectVersion:   Dev-Framework (CFFC743F-43B0-4480-9391-14DF171D2073): 34
LogDevObjectVersion:   Dev-Mobile (B02B49B5-BB20-44E9-A304-32B752E40360): 2
LogDevObjectVersion:   Dev-Networking (A4E4105C-59A1-49B5-A7C5-40C4547EDFEE): 0
LogDevObjectVersion:   Dev-Online (39C831C9-5AE6-47DC-9A44-9C173E1C8E7C): 0
LogDevObjectVersion:   Dev-Physics (78F01B33-EBEA-4F98-B9B4-84EACCB95AA2): 0
LogDevObjectVersion:   Dev-Platform (6631380F-2D4D-43E0-8009-CF276956A95A): 0
LogDevObjectVersion:   Dev-Rendering (12F88B9F-8875-4AFC-A67C-D90C383ABD29): 27
LogDevObjectVersion:   Dev-Sequencer (7B5AE74C-D270-4C10-A958-57980B212A5A): 9
LogDevObjectVersion:   Dev-VR (D7296918-1DD6-4BDD-9DE2-64A83CC13884): 2
LogDevObjectVersion:   Dev-LoadTimes (C2A15278-BFE7-4AFE-6C17-90FF531DF755): 1
LogDevObjectVersion:   Private-Geometry (6EACA3D4-40EC-4CC1-B786-8BED09428FC5): 3
LogDevObjectVersion:   Dev-AnimPhys (29E575DD-E0A3-4627-9D10-D276232CDCEA): 17
LogDevObjectVersion:   Dev-Anim (AF43A65D-7FD3-4947-9873-3E8ED9C1BB05): 2
LogDevObjectVersion:   Dev-ReflectionCapture (6B266CEC-1EC7-4B8F-A30B-E4D90942FC07): 1
LogDevObjectVersion:   Dev-Automation (0DF73D61-A23F-47EA-B727-89E90C41499A): 1
LogDevObjectVersion:   FortniteMain (601D1886-AC64-4F84-AA16-D3DE0DEAC7D6): 17
LogDevObjectVersion:   Dev-Enterprise (9DFFBCD6-494F-0158-E221-12823C92A888): 4
LogDevObjectVersion:   Dev-Niagara (F2AED0AC-9AFE-416F-8664-AA7FFA26D6FC): 1
LogStreaming: Display: Took  0.000s to delete old logs.
LogInit: Presizing for max 8388607 objects, including 0 objects not considered by GC, pre-allocating 0 bytes for permanent pool.
LogInit: Object subsystem initialized
LogConfig: Setting CVar [[con.DebugEarlyDefault:1]]
LogConfig: Setting CVar [[r.setres:1280x720]]
[2018.11.26-06.43.31:151][  0]LogConfig: Setting CVar [[r.VSync:0]]
[2018.11.26-06.43.31:151][  0]LogConfig: Setting CVar [[r.RHICmdBypass:0]]
[2018.11.26-06.43.31:151][  0]LogConfig: Applying CVar settings from Section [/Script/Engine.RendererSettings] File [Q:/Fall 2018/Environment/UnrealRepo/UnrealEnvironments/House/HouseFund/Saved/Config/Windows/Engine.ini]
[2018.11.26-06.43.31:151][  0]LogConfig: Setting CVar [[r.GPUCrashDebugging:0]]
[2018.11.26-06.43.31:151][  0]LogConfig: Applying CVar settings from Section [/Script/Engine.RendererOverrideSettings] File [Q:/Fall 2018/Environment/UnrealRepo/UnrealEnvironments/House/HouseFund/Saved/Config/Windows/Engine.ini]
[2018.11.26-06.43.31:151][  0]LogConfig: Applying CVar settings from Section [/Script/Engine.StreamingSettings] File [Q:/Fall 2018/Environment/UnrealRepo/UnrealEnvironments/House/HouseFund/Saved/Config/Windows/Engine.ini]
[2018.11.26-06.43.31:151][  0]LogConfig: Setting CVar [[s.MinBulkDataSizeForAsyncLoading:131072]]
[2018.11.26-06.43.31:151][  0]LogConfig: Setting CVar [[s.AsyncLoadingThreadEnabled:0]]
[2018.11.26-06.43.31:151][  0]LogConfig: Setting CVar [[s.EventDrivenLoaderEnabled:1]]
[2018.11.26-06.43.31:151][  0]LogConfig: Setting CVar [[s.WarnIfTimeLimitExceeded:0]]
[2018.11.26-06.43.31:151][  0]LogConfig: Setting CVar [[s.TimeLimitExceededMultiplier:1.5]]
[2018.11.26-06.43.31:151][  0]LogConfig: Setting CVar [[s.TimeLimitExceededMinTime:0.005]]
[2018.11.26-06.43.31:151][  0]LogConfig: Setting CVar [[s.UseBackgroundLevelStreaming:1]]
[2018.11.26-06.43.31:151][  0]LogConfig: Setting CVar [[s.PriorityAsyncLoadingExtraTime:15.0]]
[2018.11.26-06.43.31:151][  0]LogConfig: Setting CVar [[s.LevelStreamingActorsUpdateTimeLimit:5.0]]
[2018.11.26-06.43.31:151][  0]LogConfig: Setting CVar [[s.PriorityLevelStreamingActorsUpdateExtraTime:5.0]]
[2018.11.26-06.43.31:151][  0]LogConfig: Setting CVar [[s.LevelStreamingComponentsRegistrationGranularity:10]]
[2018.11.26-06.43.31:151][  0]LogConfig: Setting CVar [[s.UnregisterComponentsTimeLimit:1.0]]
[2018.11.26-06.43.31:151][  0]LogConfig: Setting CVar [[s.LevelStreamingComponentsUnregistrationGranularity:5]]
[2018.11.26-06.43.31:151][  0]LogConfig: Applying CVar settings from Section [/Script/Engine.GarbageCollectionSettings] File [Q:/Fall 2018/Environment/UnrealRepo/UnrealEnvironments/House/HouseFund/Saved/Config/Windows/Engine.ini]
[2018.11.26-06.43.31:151][  0]LogConfig: Setting CVar [[gc.MaxObjectsNotConsideredByGC:1]]
[2018.11.26-06.43.31:151][  0]LogConfig: Setting CVar [[gc.SizeOfPermanentObjectPool:0]]
[2018.11.26-06.43.31:151][  0]LogConfig: Setting CVar [[gc.FlushStreamingOnGC:0]]
[2018.11.26-06.43.31:151][  0]LogConfig: Setting CVar [[gc.NumRetriesBeforeForcingGC:10]]
[2018.11.26-06.43.31:151][  0]LogConfig: Setting CVar [[gc.AllowParallelGC:1]]
[2018.11.26-06.43.31:151][  0]LogConfig: Setting CVar [[gc.TimeBetweenPurgingPendingKillObjects:61.1]]
[2018.11.26-06.43.31:151][  0]LogConfig: Setting CVar [[gc.MaxObjectsInEditor:8388607]]
[2018.11.26-06.43.31:151][  0]LogConfig: Setting CVar [[gc.IncrementalBeginDestroyEnabled:1]]
[2018.11.26-06.43.31:151][  0]LogConfig: Setting CVar [[gc.CreateGCClusters:1]]
[2018.11.26-06.43.31:151][  0]LogConfig: Setting CVar [[gc.MergeGCClusters:0]]
[2018.11.26-06.43.31:151][  0]LogConfig: Setting CVar [[gc.MinGCClusterSize:5]]
[2018.11.26-06.43.31:151][  0]LogConfig: Setting CVar [[gc.ActorClusteringEnabled:0]]
[2018.11.26-06.43.31:151][  0]LogConfig: Setting CVar [[gc.BlueprintClusteringEnabled:0]]
[2018.11.26-06.43.31:151][  0]LogConfig: Setting CVar [[gc.UseDisregardForGCOnDedicatedServers:0]]
[2018.11.26-06.43.31:151][  0]LogConfig: Applying CVar settings from Section [/Script/Engine.NetworkSettings] File [Q:/Fall 2018/Environment/UnrealRepo/UnrealEnvironments/House/HouseFund/Saved/Config/Windows/Engine.ini]
[2018.11.26-06.43.31:151][  0]LogConfig: Applying CVar settings from Section [/Script/UnrealEd.CookerSettings] File [Q:/Fall 2018/Environment/UnrealRepo/UnrealEnvironments/House/HouseFund/Saved/Config/Windows/Engine.ini]
[2018.11.26-06.43.31:160][  0]LogConfig: Applying CVar settings from Section [ViewDistanceQuality@3] File [Q:/Fall 2018/Environment/UnrealRepo/UnrealEnvironments/House/HouseFund/Saved/Config/Windows/Scalability.ini]
[2018.11.26-06.43.31:160][  0]LogConfig: Setting CVar [[r.SkeletalMeshLODBias:0]]
[2018.11.26-06.43.31:160][  0]LogConfig: Setting CVar [[r.ViewDistanceScale:1.0]]
[2018.11.26-06.43.31:160][  0]LogConfig: Applying CVar settings from Section [AntiAliasingQuality@3] File [Q:/Fall 2018/Environment/UnrealRepo/UnrealEnvironments/House/HouseFund/Saved/Config/Windows/Scalability.ini]
[2018.11.26-06.43.31:160][  0]LogConfig: Setting CVar [[r.PostProcessAAQuality:4]]
[2018.11.26-06.43.31:160][  0]LogConfig: Applying CVar settings from Section [ShadowQuality@3] File [Q:/Fall 2018/Environment/UnrealRepo/UnrealEnvironments/House/HouseFund/Saved/Config/Windows/Scalability.ini]
[2018.11.26-06.43.31:160][  0]LogConfig: Setting CVar [[r.LightFunctionQuality:1]]
[2018.11.26-06.43.31:160][  0]LogConfig: Setting CVar [[r.ShadowQuality:5]]
[2018.11.26-06.43.31:160][  0]LogConfig: Setting CVar [[r.Shadow.CSM.MaxCascades:10]]
[2018.11.26-06.43.31:160][  0]LogConfig: Setting CVar [[r.Shadow.MaxResolution:2048]]
[2018.11.26-06.43.31:160][  0]LogConfig: Setting CVar [[r.Shadow.MaxCSMResolution:2048]]
[2018.11.26-06.43.31:160][  0]LogConfig: Setting CVar [[r.Shadow.RadiusThreshold:0.01]]
[2018.11.26-06.43.31:160][  0]LogConfig: Setting CVar [[r.Shadow.DistanceScale:1.0]]
[2018.11.26-06.43.31:160][  0]LogConfig: Setting CVar [[r.Shadow.CSM.TransitionScale:1.0]]
[2018.11.26-06.43.31:160][  0]LogConfig: Setting CVar [[r.Shadow.PreShadowResolutionFactor:1.0]]
[2018.11.26-06.43.31:160][  0]LogConfig: Setting CVar [[r.DistanceFieldShadowing:1]]
[2018.11.26-06.43.31:160][  0]LogConfig: Setting CVar [[r.DistanceFieldAO:1]]
[2018.11.26-06.43.31:160][  0]LogConfig: Setting CVar [[r.AOQuality:2]]
[2018.11.26-06.43.31:160][  0]LogConfig: Setting CVar [[r.VolumetricFog:1]]
[2018.11.26-06.43.31:160][  0]LogConfig: Setting CVar [[r.VolumetricFog.GridPixelSize:8]]
[2018.11.26-06.43.31:160][  0]LogConfig: Setting CVar [[r.VolumetricFog.GridSizeZ:128]]
[2018.11.26-06.43.31:160][  0]LogConfig: Setting CVar [[r.VolumetricFog.HistoryMissSupersampleCount:4]]
[2018.11.26-06.43.31:160][  0]LogConfig: Setting CVar [[r.LightMaxDrawDistanceScale:1]]
[2018.11.26-06.43.31:160][  0]LogConfig: Setting CVar [[r.CapsuleShadows:1]]
[2018.11.26-06.43.31:160][  0]LogConfig: Applying CVar settings from Section [PostProcessQuality@3] File [Q:/Fall 2018/Environment/UnrealRepo/UnrealEnvironments/House/HouseFund/Saved/Config/Windows/Scalability.ini]
[2018.11.26-06.43.31:160][  0]LogConfig: Setting CVar [[r.MotionBlurQuality:4]]
[2018.11.26-06.43.31:160][  0]LogConfig: Setting CVar [[r.AmbientOcclusionMipLevelFactor:0.4]]
[2018.11.26-06.43.31:160][  0]LogConfig: Setting CVar [[r.AmbientOcclusionMaxQuality:100]]
[2018.11.26-06.43.31:160][  0]LogConfig: Setting CVar [[r.AmbientOcclusionLevels:-1]]
[2018.11.26-06.43.31:160][  0]LogConfig: Setting CVar [[r.AmbientOcclusionRadiusScale:1.0]]
[2018.11.26-06.43.31:160][  0]LogConfig: Setting CVar [[r.DepthOfFieldQuality:2]]
[2018.11.26-06.43.31:160][  0]LogConfig: Setting CVar [[r.RenderTargetPoolMin:400]]
[2018.11.26-06.43.31:160][  0]LogConfig: Setting CVar [[r.LensFlareQuality:2]]
[2018.11.26-06.43.31:160][  0]LogConfig: Setting CVar [[r.SceneColorFringeQuality:1]]
[2018.11.26-06.43.31:160][  0]LogConfig: Setting CVar [[r.EyeAdaptationQuality:2]]
[2018.11.26-06.43.31:160][  0]LogConfig: Setting CVar [[r.BloomQuality:5]]
[2018.11.26-06.43.31:160][  0]LogConfig: Setting CVar [[r.FastBlurThreshold:100]]
[2018.11.26-06.43.31:160][  0]LogConfig: Setting CVar [[r.Upscale.Quality:3]]
[2018.11.26-06.43.31:160][  0]LogConfig: Setting CVar [[r.Tonemapper.GrainQuantization:1]]
[2018.11.26-06.43.31:160][  0]LogConfig: Setting CVar [[r.LightShaftQuality:1]]
[2018.11.26-06.43.31:161][  0]LogConfig: Setting CVar [[r.Filter.SizeScale:1]]
[2018.11.26-06.43.31:161][  0]LogConfig: Setting CVar [[r.Tonemapper.Quality:5]]
[2018.11.26-06.43.31:161][  0]LogConfig: Setting CVar [[r.DOF.Gather.AccumulatorQuality:1        ; higher gathering accumulator quality]]
[2018.11.26-06.43.31:161][  0]LogConfig: Setting CVar [[r.DOF.Gather.PostfilterMethod:1          ; Median3x3 postfilering method]]
[2018.11.26-06.43.31:161][  0]LogConfig: Setting CVar [[r.DOF.Gather.EnableBokehSettings:0       ; no bokeh simulation when gathering]]
[2018.11.26-06.43.31:161][  0]LogConfig: Setting CVar [[r.DOF.Gather.RingCount:4                 ; medium number of samples when gathering]]
[2018.11.26-06.43.31:161][  0]LogConfig: Setting CVar [[r.DOF.Scatter.ForegroundCompositing:1    ; additive foreground scattering]]
[2018.11.26-06.43.31:161][  0]LogConfig: Setting CVar [[r.DOF.Scatter.BackgroundCompositing:2    ; additive background scattering]]
[2018.11.26-06.43.31:161][  0]LogConfig: Setting CVar [[r.DOF.Scatter.EnableBokehSettings:1      ; bokeh simulation when scattering]]
[2018.11.26-06.43.31:161][  0]LogConfig: Setting CVar [[r.DOF.Scatter.MaxSpriteRatio:0.1         ; only a maximum of 10% of scattered bokeh]]
[2018.11.26-06.43.31:161][  0]LogConfig: Setting CVar [[r.DOF.Recombine.Quality:1                ; cheap slight out of focus]]
[2018.11.26-06.43.31:161][  0]LogConfig: Setting CVar [[r.DOF.Recombine.EnableBokehSettings:0    ; no bokeh simulation on slight out of focus]]
[2018.11.26-06.43.31:161][  0]LogConfig: Setting CVar [[r.DOF.TemporalAAQuality:1                ; more stable temporal accumulation]]
[2018.11.26-06.43.31:161][  0]LogConfig: Setting CVar [[r.DOF.Kernel.MaxForegroundRadius:0.025]]
[2018.11.26-06.43.31:161][  0]LogConfig: Setting CVar [[r.DOF.Kernel.MaxBackgroundRadius:0.025]]
[2018.11.26-06.43.31:161][  0]LogConfig: Applying CVar settings from Section [TextureQuality@3] File [Q:/Fall 2018/Environment/UnrealRepo/UnrealEnvironments/House/HouseFund/Saved/Config/Windows/Scalability.ini]
[2018.11.26-06.43.31:161][  0]LogConfig: Setting CVar [[r.Streaming.MipBias:0]]
[2018.11.26-06.43.31:161][  0]LogConfig: Setting CVar [[r.Streaming.AmortizeCPUToGPUCopy:0]]
[2018.11.26-06.43.31:161][  0]LogConfig: Setting CVar [[r.Streaming.MaxNumTexturesToStreamPerFrame:0]]
[2018.11.26-06.43.31:161][  0]LogConfig: Setting CVar [[r.Streaming.Boost:1]]
[2018.11.26-06.43.31:161][  0]LogConfig: Setting CVar [[r.MaxAnisotropy:8]]
[2018.11.26-06.43.31:161][  0]LogConfig: Setting CVar [[r.Streaming.LimitPoolSizeToVRAM:0]]
[2018.11.26-06.43.31:161][  0]LogConfig: Setting CVar [[r.Streaming.PoolSize:1000]]
[2018.11.26-06.43.31:161][  0]LogConfig: Setting CVar [[r.Streaming.MaxEffectiveScreenSize:0]]
[2018.11.26-06.43.31:161][  0]LogConfig: Applying CVar settings from Section [EffectsQuality@3] File [Q:/Fall 2018/Environment/UnrealRepo/UnrealEnvironments/House/HouseFund/Saved/Config/Windows/Scalability.ini]
[2018.11.26-06.43.31:161][  0]LogConfig: Setting CVar [[r.TranslucencyLightingVolumeDim:64]]
[2018.11.26-06.43.31:161][  0]LogConfig: Setting CVar [[r.RefractionQuality:2]]
[2018.11.26-06.43.31:161][  0]LogConfig: Setting CVar [[r.SSR.Quality:3]]
[2018.11.26-06.43.31:161][  0]LogConfig: Setting CVar [[r.SceneColorFormat:4]]
[2018.11.26-06.43.31:161][  0]LogConfig: Setting CVar [[r.DetailMode:2]]
[2018.11.26-06.43.31:161][  0]LogConfig: Setting CVar [[r.TranslucencyVolumeBlur:1]]
[2018.11.26-06.43.31:161][  0]LogConfig: Setting CVar [[r.MaterialQualityLevel:1 ; High quality]]
[2018.11.26-06.43.31:161][  0]LogConfig: Setting CVar [[r.SSS.Scale:1]]
[2018.11.26-06.43.31:161][  0]LogConfig: Setting CVar [[r.SSS.SampleSet:2]]
[2018.11.26-06.43.31:161][  0]LogConfig: Setting CVar [[r.SSS.Quality:1]]
[2018.11.26-06.43.31:161][  0]LogConfig: Setting CVar [[r.SSS.HalfRes:1]]
[2018.11.26-06.43.31:161][  0]LogConfig: Setting CVar [[r.EmitterSpawnRateScale:1.0]]
[2018.11.26-06.43.31:161][  0]LogConfig: Setting CVar [[r.ParticleLightQuality:2]]
[2018.11.26-06.43.31:161][  0]LogConfig: Applying CVar settings from Section [FoliageQuality@3] File [Q:/Fall 2018/Environment/UnrealRepo/UnrealEnvironments/House/HouseFund/Saved/Config/Windows/Scalability.ini]
[2018.11.26-06.43.31:161][  0]LogConfig: Setting CVar [[foliage.DensityScale:1.0]]
[2018.11.26-06.43.31:161][  0]LogConfig: Setting CVar [[grass.DensityScale:1.0]]
[2018.11.26-06.43.31:161][  0]LogInit: Selected Device Profile: [Windows]
[2018.11.26-06.43.31:161][  0]LogInit: Applying CVar settings loaded from the selected device profile: [Windows]
[2018.11.26-06.43.31:193][  0]LogHAL: Display: Platform has ~ 32 GB [34314702848 / 34359738368 / 32], which maps to Largest [LargestMinGB=32, LargerMinGB=12, DefaultMinGB=8, SmallerMinGB=6, SmallestMinGB=0)
[2018.11.26-06.43.31:193][  0]LogConfig: Setting CVar [[r.Vulkan.UseRealUBs:1]]
[2018.11.26-06.43.31:193][  0]LogInit: Going up to parent DeviceProfile []
[2018.11.26-06.43.31:193][  0]LogConfig: Applying CVar settings from Section [ViewDistanceQuality@3] File [Q:/Fall 2018/Environment/UnrealRepo/UnrealEnvironments/House/HouseFund/Saved/Config/Windows/Scalability.ini]
[2018.11.26-06.43.31:193][  0]LogConfig: Setting CVar [[r.SkeletalMeshLODBias:0]]
[2018.11.26-06.43.31:193][  0]LogConfig: Setting CVar [[r.ViewDistanceScale:1.0]]
[2018.11.26-06.43.31:193][  0]LogConfig: Applying CVar settings from Section [AntiAliasingQuality@3] File [Q:/Fall 2018/Environment/UnrealRepo/UnrealEnvironments/House/HouseFund/Saved/Config/Windows/Scalability.ini]
[2018.11.26-06.43.31:193][  0]LogConfig: Setting CVar [[r.PostProcessAAQuality:4]]
[2018.11.26-06.43.31:193][  0]LogConfig: Applying CVar settings from Section [ShadowQuality@3] File [Q:/Fall 2018/Environment/UnrealRepo/UnrealEnvironments/House/HouseFund/Saved/Config/Windows/Scalability.ini]
[2018.11.26-06.43.31:193][  0]LogConfig: Setting CVar [[r.LightFunctionQuality:1]]
[2018.11.26-06.43.31:193][  0]LogConfig: Setting CVar [[r.ShadowQuality:5]]
[2018.11.26-06.43.31:193][  0]LogConfig: Setting CVar [[r.Shadow.CSM.MaxCascades:10]]
[2018.11.26-06.43.31:193][  0]LogConfig: Setting CVar [[r.Shadow.MaxResolution:2048]]
[2018.11.26-06.43.31:193][  0]LogConfig: Setting CVar [[r.Shadow.MaxCSMResolution:2048]]
[2018.11.26-06.43.31:193][  0]LogConfig: Setting CVar [[r.Shadow.RadiusThreshold:0.01]]
[2018.11.26-06.43.31:193][  0]LogConfig: Setting CVar [[r.Shadow.DistanceScale:1.0]]
[2018.11.26-06.43.31:193][  0]LogConfig: Setting CVar [[r.Shadow.CSM.TransitionScale:1.0]]
[2018.11.26-06.43.31:193][  0]LogConfig: Setting CVar [[r.Shadow.PreShadowResolutionFactor:1.0]]
[2018.11.26-06.43.31:193][  0]LogConfig: Setting CVar [[r.DistanceFieldShadowing:1]]
[2018.11.26-06.43.31:193][  0]LogConfig: Setting CVar [[r.DistanceFieldAO:1]]
[2018.11.26-06.43.31:193][  0]LogConfig: Setting CVar [[r.AOQuality:2]]
[2018.11.26-06.43.31:193][  0]LogConfig: Setting CVar [[r.VolumetricFog:1]]
[2018.11.26-06.43.31:193][  0]LogConfig: Setting CVar [[r.VolumetricFog.GridPixelSize:8]]
[2018.11.26-06.43.31:193][  0]LogConfig: Setting CVar [[r.VolumetricFog.GridSizeZ:128]]
[2018.11.26-06.43.31:193][  0]LogConfig: Setting CVar [[r.VolumetricFog.HistoryMissSupersampleCount:4]]
[2018.11.26-06.43.31:193][  0]LogConfig: Setting CVar [[r.LightMaxDrawDistanceScale:1]]
[2018.11.26-06.43.31:193][  0]LogConfig: Setting CVar [[r.CapsuleShadows:1]]
[2018.11.26-06.43.31:193][  0]LogConfig: Applying CVar settings from Section [PostProcessQuality@3] File [Q:/Fall 2018/Environment/UnrealRepo/UnrealEnvironments/House/HouseFund/Saved/Config/Windows/Scalability.ini]
[2018.11.26-06.43.31:193][  0]LogConfig: Setting CVar [[r.MotionBlurQuality:4]]
[2018.11.26-06.43.31:194][  0]LogConfig: Setting CVar [[r.AmbientOcclusionMipLevelFactor:0.4]]
[2018.11.26-06.43.31:194][  0]LogConfig: Setting CVar [[r.AmbientOcclusionMaxQuality:100]]
[2018.11.26-06.43.31:194][  0]LogConfig: Setting CVar [[r.AmbientOcclusionLevels:-1]]
[2018.11.26-06.43.31:195][  0]LogConfig: Setting CVar [[r.AmbientOcclusionRadiusScale:1.0]]
[2018.11.26-06.43.31:195][  0]LogConfig: Setting CVar [[r.DepthOfFieldQuality:2]]
[2018.11.26-06.43.31:195][  0]LogConfig: Setting CVar [[r.RenderTargetPoolMin:400]]
[2018.11.26-06.43.31:195][  0]LogConfig: Setting CVar [[r.LensFlareQuality:2]]
[2018.11.26-06.43.31:195][  0]LogConfig: Setting CVar [[r.SceneColorFringeQuality:1]]
[2018.11.26-06.43.31:195][  0]LogConfig: Setting CVar [[r.EyeAdaptationQuality:2]]
[2018.11.26-06.43.31:195][  0]LogConfig: Setting CVar [[r.BloomQuality:5]]
[2018.11.26-06.43.31:195][  0]LogConfig: Setting CVar [[r.FastBlurThreshold:100]]
[2018.11.26-06.43.31:195][  0]LogConfig: Setting CVar [[r.Upscale.Quality:3]]
[2018.11.26-06.43.31:195][  0]LogConfig: Setting CVar [[r.Tonemapper.GrainQuantization:1]]
[2018.11.26-06.43.31:195][  0]LogConfig: Setting CVar [[r.LightShaftQuality:1]]
[2018.11.26-06.43.31:195][  0]LogConfig: Setting CVar [[r.Filter.SizeScale:1]]
[2018.11.26-06.43.31:195][  0]LogConfig: Setting CVar [[r.Tonemapper.Quality:5]]
[2018.11.26-06.43.31:195][  0]LogConfig: Setting CVar [[r.DOF.Gather.AccumulatorQuality:1        ; higher gathering accumulator quality]]
[2018.11.26-06.43.31:195][  0]LogConfig: Setting CVar [[r.DOF.Gather.PostfilterMethod:1          ; Median3x3 postfilering method]]
[2018.11.26-06.43.31:195][  0]LogConfig: Setting CVar [[r.DOF.Gather.EnableBokehSettings:0       ; no bokeh simulation when gathering]]
[2018.11.26-06.43.31:195][  0]LogConfig: Setting CVar [[r.DOF.Gather.RingCount:4                 ; medium number of samples when gathering]]
[2018.11.26-06.43.31:195][  0]LogConfig: Setting CVar [[r.DOF.Scatter.ForegroundCompositing:1    ; additive foreground scattering]]
[2018.11.26-06.43.31:195][  0]LogConfig: Setting CVar [[r.DOF.Scatter.BackgroundCompositing:2    ; additive background scattering]]
[2018.11.26-06.43.31:195][  0]LogConfig: Setting CVar [[r.DOF.Scatter.EnableBokehSettings:1      ; bokeh simulation when scattering]]
[2018.11.26-06.43.31:195][  0]LogConfig: Setting CVar [[r.DOF.Scatter.MaxSpriteRatio:0.1         ; only a maximum of 10% of scattered bokeh]]
[2018.11.26-06.43.31:195][  0]LogConfig: Setting CVar [[r.DOF.Recombine.Quality:1                ; cheap slight out of focus]]
[2018.11.26-06.43.31:195][  0]LogConfig: Setting CVar [[r.DOF.Recombine.EnableBokehSettings:0    ; no bokeh simulation on slight out of focus]]
[2018.11.26-06.43.31:195][  0]LogConfig: Setting CVar [[r.DOF.TemporalAAQuality:1                ; more stable temporal accumulation]]
[2018.11.26-06.43.31:195][  0]LogConfig: Setting CVar [[r.DOF.Kernel.MaxForegroundRadius:0.025]]
[2018.11.26-06.43.31:195][  0]LogConfig: Setting CVar [[r.DOF.Kernel.MaxBackgroundRadius:0.025]]
[2018.11.26-06.43.31:195][  0]LogConfig: Applying CVar settings from Section [TextureQuality@3] File [Q:/Fall 2018/Environment/UnrealRepo/UnrealEnvironments/House/HouseFund/Saved/Config/Windows/Scalability.ini]
[2018.11.26-06.43.31:195][  0]LogConfig: Setting CVar [[r.Streaming.MipBias:0]]
[2018.11.26-06.43.31:195][  0]LogConfig: Setting CVar [[r.Streaming.AmortizeCPUToGPUCopy:0]]
[2018.11.26-06.43.31:195][  0]LogConfig: Setting CVar [[r.Streaming.MaxNumTexturesToStreamPerFrame:0]]
[2018.11.26-06.43.31:195][  0]LogConfig: Setting CVar [[r.Streaming.Boost:1]]
[2018.11.26-06.43.31:195][  0]LogConfig: Setting CVar [[r.MaxAnisotropy:8]]
[2018.11.26-06.43.31:195][  0]LogConfig: Setting CVar [[r.Streaming.LimitPoolSizeToVRAM:0]]
[2018.11.26-06.43.31:195][  0]LogConfig: Setting CVar [[r.Streaming.PoolSize:1000]]
[2018.11.26-06.43.31:195][  0]LogConfig: Setting CVar [[r.Streaming.MaxEffectiveScreenSize:0]]
[2018.11.26-06.43.31:195][  0]LogConfig: Applying CVar settings from Section [EffectsQuality@3] File [Q:/Fall 2018/Environment/UnrealRepo/UnrealEnvironments/House/HouseFund/Saved/Config/Windows/Scalability.ini]
[2018.11.26-06.43.31:195][  0]LogConfig: Setting CVar [[r.TranslucencyLightingVolumeDim:64]]
[2018.11.26-06.43.31:195][  0]LogConfig: Setting CVar [[r.RefractionQuality:2]]
[2018.11.26-06.43.31:195][  0]LogConfig: Setting CVar [[r.SSR.Quality:3]]
[2018.11.26-06.43.31:195][  0]LogConfig: Setting CVar [[r.SceneColorFormat:4]]
[2018.11.26-06.43.31:195][  0]LogConfig: Setting CVar [[r.DetailMode:2]]
[2018.11.26-06.43.31:195][  0]LogConfig: Setting CVar [[r.TranslucencyVolumeBlur:1]]
[2018.11.26-06.43.31:195][  0]LogConfig: Setting CVar [[r.MaterialQualityLevel:1 ; High quality]]
[2018.11.26-06.43.31:195][  0]LogConfig: Setting CVar [[r.SSS.Scale:1]]
[2018.11.26-06.43.31:195][  0]LogConfig: Setting CVar [[r.SSS.SampleSet:2]]
[2018.11.26-06.43.31:195][  0]LogConfig: Setting CVar [[r.SSS.Quality:1]]
[2018.11.26-06.43.31:195][  0]LogConfig: Setting CVar [[r.SSS.HalfRes:1]]
[2018.11.26-06.43.31:195][  0]LogConfig: Setting CVar [[r.EmitterSpawnRateScale:1.0]]
[2018.11.26-06.43.31:195][  0]LogConfig: Setting CVar [[r.ParticleLightQuality:2]]
[2018.11.26-06.43.31:195][  0]LogConfig: Applying CVar settings from Section [FoliageQuality@3] File [Q:/Fall 2018/Environment/UnrealRepo/UnrealEnvironments/House/HouseFund/Saved/Config/Windows/Scalability.ini]
[2018.11.26-06.43.31:195][  0]LogConfig: Setting CVar [[foliage.DensityScale:1.0]]
[2018.11.26-06.43.31:195][  0]LogConfig: Setting CVar [[grass.DensityScale:1.0]]
[2018.11.26-06.43.31:195][  0]LogConfig: Applying CVar settings from Section [Startup] File [../../../Engine/Config/ConsoleVariables.ini]
[2018.11.26-06.43.31:202][  0]LogConfig: Setting CVar [[net.UseAdaptiveNetUpdateFrequency:0]]
[2018.11.26-06.43.31:202][  0]LogConfig: Applying CVar settings from Section [ConsoleVariables] File [Q:/Fall 2018/Environment/UnrealRepo/UnrealEnvironments/House/HouseFund/Saved/Config/Windows/Engine.ini]
[2018.11.26-06.43.31:202][  0]LogInit: Computer: QUINN-PC
[2018.11.26-06.43.31:202][  0]LogInit: User: Quinn
[2018.11.26-06.43.31:202][  0]LogInit: CPU Page size=4096, Cores=4
[2018.11.26-06.43.31:202][  0]LogInit: High frequency timer resolution =2.338515 MHz
[2018.11.26-06.43.31:202][  0]LogMemory: Memory total: Physical=32.0GB (32GB approx)
[2018.11.26-06.43.31:202][  0]LogMemory: Platform Memory Stats for Windows
[2018.11.26-06.43.31:202][  0]LogMemory: Process Physical Memory: 105.57 MB used, 105.57 MB peak
[2018.11.26-06.43.31:202][  0]LogMemory: Process Virtual Memory: 93.93 MB used, 93.93 MB peak
[2018.11.26-06.43.31:202][  0]LogMemory: Physical Memory: 8194.52 MB used,  24530.53 MB free, 32725.05 MB total
[2018.11.26-06.43.31:202][  0]LogMemory: Virtual Memory: 499.63 MB used,  8388108.00 MB free, 8388608.00 MB total
[2018.11.26-06.43.31:376][  0]LogInit: Using OS detected language (en-US).
[2018.11.26-06.43.31:376][  0]LogInit: Using OS detected locale (en-US).
[2018.11.26-06.43.31:377][  0]LogTextLocalizationManager: No specific localization for 'en-US' exists, so the 'en' localization will be used.
[2018.11.26-06.43.31:949][  0]LogStreaming: Display: Took  0.573s to InitEngineTextLocalization.
[2018.11.26-06.43.32:056][  0]LogSlate: New Slate User Created.  User Index 0, Is Virtual User: 0
[2018.11.26-06.43.32:056][  0]LogSlate: Slate User Registered.  User Index 0, Is Virtual User: 0
[2018.11.26-06.43.34:809][  0]LogHMD: Failed to initialize OpenVR with code 110
[2018.11.26-06.43.34:809][  0]LogD3D11RHI: D3D11 adapters:
[2018.11.26-06.43.34:830][  0]LogD3D11RHI:    0. 'NVIDIA Quadro 3000M' (Feature Level 11_0)
[2018.11.26-06.43.34:830][  0]LogD3D11RHI:       1999/0/16106 MB DedicatedVideo/DedicatedSystem/SharedSystem, Outputs:2, VendorId:0x10de
[2018.11.26-06.43.34:830][  0]LogD3D11RHI: Chosen D3D11 Adapter: 0
[2018.11.26-06.43.34:837][  0]LogD3D11RHI: Creating new Direct3DDevice
[2018.11.26-06.43.34:838][  0]LogD3D11RHI:     GPU DeviceId: 0xe3a (for the marketing name, search the web for "GPU Device Id")
[2018.11.26-06.43.34:838][  0]LogWindows: EnumDisplayDevices:
[2018.11.26-06.43.34:838][  0]LogWindows:    0. 'NVIDIA Quadro 3000M' (P:1 D:1)
[2018.11.26-06.43.34:838][  0]LogWindows:    1. 'NVIDIA Quadro 3000M' (P:0 D:1)
[2018.11.26-06.43.34:838][  0]LogWindows:    2. 'RDPDD Chained DD' (P:0 D:0)
[2018.11.26-06.43.34:838][  0]LogWindows:    3. 'RDP Encoder Mirror Driver' (P:0 D:0)
[2018.11.26-06.43.34:838][  0]LogWindows:    4. 'RDP Reflector Display Driver' (P:0 D:0)
[2018.11.26-06.43.34:840][  0]LogWindows: DebugString: GetVideoDriverDetailsInvalid PrimaryIsNotTheChoosenAdapter GetVideoDriverDetailsInvalid PrimaryIsNotTheChoosenAdapter GetVideoDriverDetailsInvalid PrimaryIsNotTheChoosenAdapter FoundDriverCount:2 
[2018.11.26-06.43.34:840][  0]LogD3D11RHI:     Adapter Name: NVIDIA Quadro 3000M
[2018.11.26-06.43.34:840][  0]LogD3D11RHI:   Driver Version: 376.62 (internal:21.21.13.7662, unified:376.62)
[2018.11.26-06.43.34:840][  0]LogD3D11RHI:      Driver Date: 1-10-2017
[2018.11.26-06.43.34:840][  0]LogRHI: Texture pool is 1399 MB (70% of 1999 MB)
[2018.11.26-06.43.34:853][  0]LogD3D11RHI: Display: Timestamp queries are currently disabled on this hardware due to instability. Realtime GPU stats will not be available. You can override this behaviour by setting r.NVIDIATimestampWorkaround to 0
[2018.11.26-06.43.34:854][  0]LogD3D11RHI: Async texture creation enabled
[2018.11.26-06.43.34:871][  0]LogD3D11RHI: GPU Timing Frequency: 1000.000000 (Debug: 2 2)
[2018.11.26-06.43.35:405][  0]LogTemp: Display: Loaded TP AllDesktopTargetPlatform
[2018.11.26-06.43.35:421][  0]LogTemp: Display: Loaded TP MacClientTargetPlatform
[2018.11.26-06.43.35:436][  0]LogTemp: Display: Loaded TP MacNoEditorTargetPlatform
[2018.11.26-06.43.35:452][  0]LogTemp: Display: Loaded TP MacServerTargetPlatform
[2018.11.26-06.43.35:476][  0]LogTemp: Display: Loaded TP MacTargetPlatform
[2018.11.26-06.43.35:491][  0]LogTemp: Display: Loaded TP WindowsClientTargetPlatform
[2018.11.26-06.43.35:511][  0]LogTemp: Display: Loaded TP WindowsNoEditorTargetPlatform
[2018.11.26-06.43.35:530][  0]LogTemp: Display: Loaded TP WindowsServerTargetPlatform
[2018.11.26-06.43.35:538][  0]LogTemp: Display: Loaded TP WindowsTargetPlatform
[2018.11.26-06.43.35:642][  0]LogTemp: Display: Loaded TP AndroidTargetPlatform
[2018.11.26-06.43.35:642][  0]LogTemp: Display: Loaded TP AndroidTargetPlatform
[2018.11.26-06.43.35:642][  0]LogTemp: Display: Loaded TP AndroidTargetPlatform
[2018.11.26-06.43.35:642][  0]LogTemp: Display: Loaded TP AndroidTargetPlatform
[2018.11.26-06.43.35:642][  0]LogTemp: Display: Loaded TP AndroidTargetPlatform
[2018.11.26-06.43.35:642][  0]LogTemp: Display: Loaded TP AndroidTargetPlatform
[2018.11.26-06.43.35:642][  0]LogTemp: Display: Loaded TP AndroidTargetPlatform
[2018.11.26-06.43.35:642][  0]LogTemp: Display: Loaded TP AndroidTargetPlatform
[2018.11.26-06.43.35:642][  0]LogTemp: Display: Loaded TP AndroidTargetPlatform
[2018.11.26-06.43.35:642][  0]LogTemp: Display: Loaded TP AndroidTargetPlatform
[2018.11.26-06.43.35:642][  0]LogTemp: Display: Loaded TP AndroidTargetPlatform
[2018.11.26-06.43.35:642][  0]LogTemp: Display: Loaded TP AndroidTargetPlatform
[2018.11.26-06.43.35:642][  0]LogTemp: Display: Loaded TP AndroidTargetPlatform
[2018.11.26-06.43.35:642][  0]LogTemp: Display: Loaded TP AndroidTargetPlatform
[2018.11.26-06.43.35:642][  0]LogTemp: Display: Loaded TP AndroidTargetPlatform
[2018.11.26-06.43.35:642][  0]LogTemp: Display: Loaded TP AndroidTargetPlatform
[2018.11.26-06.43.35:642][  0]LogTemp: Display: Loaded TP AndroidTargetPlatform
[2018.11.26-06.43.35:642][  0]LogTemp: Display: Loaded TP AndroidTargetPlatform
[2018.11.26-06.43.35:643][  0]LogTemp: Display: Loaded TP HTML5TargetPlatform
[2018.11.26-06.43.35:720][  0]LogTemp: Display: Loaded TP IOSTargetPlatform
[2018.11.26-06.43.35:720][  0]LogTemp: Display: Loaded TP IOSTargetPlatform
[2018.11.26-06.43.35:755][  0]LogTemp: Display: Loaded TP TVOSTargetPlatform
[2018.11.26-06.43.35:755][  0]LogTemp: Display: Loaded TP TVOSTargetPlatform
[2018.11.26-06.43.35:772][  0]LogTemp: Display: Loaded TP LinuxClientTargetPlatform
[2018.11.26-06.43.35:788][  0]LogTemp: Display: Loaded TP LinuxNoEditorTargetPlatform
[2018.11.26-06.43.35:806][  0]LogTemp: Display: Loaded TP LinuxServerTargetPlatform
[2018.11.26-06.43.35:833][  0]LogTemp: Display: Loaded TP LinuxTargetPlatform
[2018.11.26-06.43.35:902][  0]LogTemp: Display: Loaded TP LuminTargetPlatform
[2018.11.26-06.43.35:902][  0]LogTemp: Display: Loaded TP LuminTargetPlatform
[2018.11.26-06.43.35:902][  0]LogTargetPlatformManager: Display: Building Assets For Windows
[2018.11.26-06.43.36:022][  0]LogShaderCompilers: Guid format shader working directory is -24 characters bigger than the processId version (Q:/Fall 2018/Environment/UnrealRepo/UnrealEnvironments/House/HouseFund/Intermediate/Shaders/WorkingDirectory/8964/).
[2018.11.26-06.43.36:022][  0]LogShaderCompilers: Cleaned the shader compiler working directory 'C:/Users/Quinn/AppData/Local/Temp/UnrealShaderWorkingDir/55288D5C472E26A8441553A394F8A0AC/'.
[2018.11.26-06.43.36:024][  0]LogXGEController: Cleaning working directory: C:/Users/Quinn/AppData/Local/Temp/UnrealXGEWorkingDir/
[2018.11.26-06.43.36:024][  0]LogXGEController: Cannot use XGE Controller as Incredibuild is not installed on this machine.
[2018.11.26-06.43.36:024][  0]LogShaderCompilers: Cannot use XGE Shader Compiler as Incredibuild is not installed on this machine.
[2018.11.26-06.43.36:024][  0]LogShaderCompilers: Display: Using Local Shader Compiler.
[2018.11.26-06.43.38:072][  0]LogDerivedDataCache: Display: Max Cache Size: 512 MB
[2018.11.26-06.43.38:154][  0]LogDerivedDataCache: Loaded boot cache 0.08s 71MB C:/Users/Quinn/AppData/Local/UnrealEngine/4.21/DerivedDataCache/Boot.ddc.
[2018.11.26-06.43.38:154][  0]LogDerivedDataCache: Display: Loaded Boot cache: C:/Users/Quinn/AppData/Local/UnrealEngine/4.21/DerivedDataCache/Boot.ddc
[2018.11.26-06.43.38:154][  0]LogDerivedDataCache: FDerivedDataBackendGraph:  Pak pak cache file Q:/Fall 2018/Environment/UnrealRepo/UnrealEnvironments/House/HouseFund/DerivedDataCache/DDC.ddp not found, will not use a pak cache.
[2018.11.26-06.43.38:154][  0]LogDerivedDataCache: Unable to find inner node Pak for hierarchical cache Hierarchy.
[2018.11.26-06.43.38:154][  0]LogDerivedDataCache: FDerivedDataBackendGraph:  CompressedPak pak cache file Q:/Fall 2018/Environment/UnrealRepo/UnrealEnvironments/House/HouseFund/DerivedDataCache/Compressed.ddp not found, will not use a pak cache.
[2018.11.26-06.43.38:154][  0]LogDerivedDataCache: Unable to find inner node CompressedPak for hierarchical cache Hierarchy.
[2018.11.26-06.43.38:188][  0]LogDerivedDataCache: Display: Pak cache opened for reading ../../../Engine/DerivedDataCache/Compressed.ddp.
[2018.11.26-06.43.38:188][  0]LogDerivedDataCache: FDerivedDataBackendGraph:  EnterprisePak pak cache file ../../../Enterprise/DerivedDataCache/Compressed.ddp not found, will not use a pak cache.
[2018.11.26-06.43.38:188][  0]LogDerivedDataCache: Unable to find inner node EnterprisePak for hierarchical cache Hierarchy.
[2018.11.26-06.43.38:200][  0]LogDerivedDataCache: Using Local data cache path C:/Users/Quinn/AppData/Local/UnrealEngine/Common/DerivedDataCache: Writable
[2018.11.26-06.43.38:200][  0]LogDerivedDataCache: Shared data cache path not found in *engine.ini, will not use an Shared cache.
[2018.11.26-06.43.38:200][  0]LogDerivedDataCache: Unable to find inner node Shared for hierarchical cache Hierarchy.
[2018.11.26-06.43.38:234][  0]LogMaterial: Verifying Global Shaders for PCD3D_SM5
[2018.11.26-06.43.38:235][  0]LogSlate: Using FreeType 2.6.0
[2018.11.26-06.43.38:254][  0]LogSlate: SlateFontServices - WITH_FREETYPE: 1, WITH_HARFBUZZ: 1
[2018.11.26-06.43.38:522][  0]LogAssetRegistry: FAssetRegistry took 0.0357 seconds to start up
[2018.11.26-06.43.38:966][  0]LogInit: Selected Device Profile: [Windows]
[2018.11.26-06.43.39:255][  0]LogSimplygon: Simplygon DLL not present - disabling.
[2018.11.26-06.43.39:259][  0]LogMeshReduction: Using SimplygonSwarm for distributed automatic mesh merging
[2018.11.26-06.43.39:259][  0]LogMeshReduction: Using ProxyLODMeshReduction for automatic mesh merging
[2018.11.26-06.43.39:259][  0]LogMeshReduction: Using QuadricMeshReduction for automatic static mesh reduction
[2018.11.26-06.43.39:259][  0]LogMeshReduction: No automatic skeletal mesh reduction module available
[2018.11.26-06.43.39:302][  0]LogNetVersion: HouseFund 1.0.0, NetCL: 4541578, EngineNetVer: 5, GameNetVer: 0 (Checksum: 3593833501)
[2018.11.26-06.43.40:613][  0]LogPackageLocalizationCache: Processed 11 localized package path(s) for 2 prioritized culture(s) in 0.126035 seconds
[2018.11.26-06.43.40:621][  0]LogUObjectArray: 39775 objects as part of root set at end of initial load.
[2018.11.26-06.43.40:621][  0]LogUObjectAllocator: 6914656 out of 0 bytes used by permanent object pool.
[2018.11.26-06.43.40:621][  0]LogUObjectArray: CloseDisregardForGC: 0/0 objects in disregard for GC pool
[2018.11.26-06.43.43:371][  0]LogTcpMessaging: Initializing TcpMessaging bridge
[2018.11.26-06.43.43:385][  0]LogUdpMessaging: Initializing bridge on interface 0.0.0.0:0 to multicast group 230.0.0.1:6666.
[2018.11.26-06.43.44:296][  0]SourceControl: Source control is disabled
[2018.11.26-06.43.44:296][  0]SourceControl: Source control is disabled
[2018.11.26-06.43.44:299][  0]SourceControl: Source control is disabled
[2018.11.26-06.43.44:299][  0]SourceControl: Source control is disabled
[2018.11.26-06.43.44:490][  0]LogAndroidPermission: UAndroidPermissionCallbackProxy::GetInstance
[2018.11.26-06.43.44:601][  0]LogOcInput: OculusInput pre-init called
[2018.11.26-06.43.44:781][  0]LogEngine: Initializing Engine...
[2018.11.26-06.43.44:782][  0]LogHMD: Failed to initialize OpenVR with code 110
[2018.11.26-06.43.44:785][  0]LogStats: UGameplayTagsManager::ConstructGameplayTagTree: ImportINI prefixes -  0.000 s
[2018.11.26-06.43.44:785][  0]LogStats: UGameplayTagsManager::ConstructGameplayTagTree: Construct from data asset -  0.000 s
[2018.11.26-06.43.44:785][  0]LogStats: UGameplayTagsManager::ConstructGameplayTagTree: ImportINI -  0.000 s
[2018.11.26-06.43.44:785][  0]LogStats: UGameplayTagsManager::ConstructGameplayTagTree: GameplayTagTreeChangedEvent.Broadcast -  0.000 s
[2018.11.26-06.43.45:350][  0]LogInit: Initializing FReadOnlyCVARCache
[2018.11.26-06.43.45:363][  0]LogAIModule: Creating AISystem for world Untitled
[2018.11.26-06.43.45:380][  0]LogInit: XAudio2 using 'Speakers / Headphones (IDT High Definition Audio CODEC)' : 2 channels at 48 kHz using 16 bits per sample (channel mask 0x3)
[2018.11.26-06.43.45:390][  0]LogInit: FAudioDevice initialized.
[2018.11.26-06.43.45:391][  0]LogNetVersion: Set ProjectVersion to 1.0.0.0. Version Checksum will be recalculated on next use.
[2018.11.26-06.43.45:485][  0]LogDerivedDataCache: Saved boot cache 0.09s 71MB C:/Users/Quinn/AppData/Local/UnrealEngine/4.21/DerivedDataCache/Boot.ddc.
[2018.11.26-06.43.45:495][  0]LogInit: Texture streaming: Enabled
[2018.11.26-06.43.45:514][  0]LogEngineSessionManager: EngineSessionManager initialized
[2018.11.26-06.43.45:526][  0]LogInit: Transaction tracking system initialized
[2018.11.26-06.43.45:546][  0]BlueprintLog: New page: Editor Load
[2018.11.26-06.43.45:628][  0]LocalizationService: Localization service is disabled
[2018.11.26-06.43.46:488][  0]LogFileCache: Scanning file cache for directory 'Q:/Fall 2018/Environment/UnrealRepo/UnrealEnvironments/House/HouseFund/Content/' took 0.02s
[2018.11.26-06.43.46:488][  0]LogCook: Display: Max memory allowance for cook 16384mb min free memory 0mb
[2018.11.26-06.43.46:489][  0]LogCook: Display: Mobile HDR setting 1
[2018.11.26-06.43.46:489][  0]LogGameplayTags: Display: UGameplayTagsManager::DoneAddingNativeTags. DelegateIsBound: 0
[2018.11.26-06.43.46:489][  0]LogStats: UGameplayTagsManager::ConstructGameplayTagTree: ImportINI prefixes -  0.000 s
[2018.11.26-06.43.46:489][  0]LogStats: UGameplayTagsManager::ConstructGameplayTagTree: Construct from data asset -  0.000 s
[2018.11.26-06.43.46:489][  0]LogStats: UGameplayTagsManager::ConstructGameplayTagTree: ImportINI -  0.000 s
[2018.11.26-06.43.46:489][  0]LogStats: UGameplayTagsManager::ConstructGameplayTagTree: GameplayTagTreeChangedEvent.Broadcast -  0.000 s
[2018.11.26-06.43.46:716][  0]SourceControl: Source control is disabled
[2018.11.26-06.43.46:717][  0]Cmd: MAP LOAD FILE="Q:/Fall 2018/Environment/UnrealRepo/UnrealEnvironments/House/HouseFund/Content/FirstPersonBP/Maps/FirstPersonExampleMap.umap" TEMPLATE=0 SHOWPROGRESS=1 FEATURELEVEL=3
[2018.11.26-06.43.46:717][  0]LightingResults: New page: Lighting Build
[2018.11.26-06.43.46:719][  0]MapCheck: New page: Map Check
[2018.11.26-06.43.46:719][  0]LightingResults: New page: Lighting Build
[2018.11.26-06.43.47:793][  0]LogAIModule: Creating AISystem for world FirstPersonExampleMap
[2018.11.26-06.43.47:818][  0]LogEditorServer: Finished looking for orphan Actors (0.000 secs)
[2018.11.26-06.43.47:843][  0]Cmd: MAP CHECKDEP NOCLEARLOG
[2018.11.26-06.43.47:843][  0]MapCheck: Map check complete: 0 Error(s), 0 Warning(s), took 0.121ms to complete.
[2018.11.26-06.43.47:843][  0]LogFileHelpers: Loading map 'FirstPersonExampleMap' took 1.126
[2018.11.26-06.43.47:953][  0]LogSlate: Updating window title bar state: overlay mode, drag disabled, window buttons hidden, title bar hidden
[2018.11.26-06.43.47:965][  0]LogSlate: Updating window title bar state: overlay mode, drag disabled, window buttons hidden, title bar hidden
[2018.11.26-06.43.47:975][  0]LogSlate: Updating window title bar state: overlay mode, drag disabled, window buttons hidden, title bar hidden
[2018.11.26-06.43.47:984][  0]LogSlate: Updating window title bar state: overlay mode, drag disabled, window buttons hidden, title bar hidden
[2018.11.26-06.43.47:995][  0]LogCollectionManager: Loaded 0 collections in 0.001260 seconds
[2018.11.26-06.43.48:021][  0]LogFileCache: Scanning file cache for directory 'Q:/Fall 2018/Environment/UnrealRepo/UnrealEnvironments/House/HouseFund/Saved/Collections/' took 0.01s
[2018.11.26-06.43.48:021][  0]LogFileCache: Scanning file cache for directory 'Q:/Fall 2018/Environment/UnrealRepo/UnrealEnvironments/House/HouseFund/Content/Developers/Quinn/Collections/' took 0.00s
[2018.11.26-06.43.48:021][  0]LogFileCache: Scanning file cache for directory 'Q:/Fall 2018/Environment/UnrealRepo/UnrealEnvironments/House/HouseFund/Content/Collections/' took 0.01s
[2018.11.26-06.43.48:021][  0]LogCollectionManager: Rebuilt the GUID cache for 0 collections in 0.000001 seconds
[2018.11.26-06.43.48:035][  0]LogContentBrowser: Native class hierarchy populated in 0.0140 seconds. Added 2651 classes and 620 folders.
[2018.11.26-06.43.48:043][  0]LogContentBrowser: Native class hierarchy updated for 'WidgetCarousel' in 0.0004 seconds. Added 0 classes and 0 folders.
[2018.11.26-06.43.48:049][  0]LogPakFile: Registered encryption key '00000000000000000000000000000000': 0 pak files mounted, 0 remain pending
[2018.11.26-06.43.48:058][  0]LogPakFile: Registered encryption key '00000000000000000000000000000000': 0 pak files mounted, 0 remain pending
[2018.11.26-06.43.48:090][  0]LogPakFile: Registered encryption key '00000000000000000000000000000000': 0 pak files mounted, 0 remain pending
[2018.11.26-06.43.48:096][  0]LogPakFile: Registered encryption key '00000000000000000000000000000000': 0 pak files mounted, 0 remain pending
[2018.11.26-06.43.48:101][  0]LogPakFile: Registered encryption key '00000000000000000000000000000000': 0 pak files mounted, 0 remain pending
[2018.11.26-06.43.48:106][  0]LogPakFile: Registered encryption key '00000000000000000000000000000000': 0 pak files mounted, 0 remain pending
[2018.11.26-06.43.48:112][  0]LogPakFile: Registered encryption key '00000000000000000000000000000000': 0 pak files mounted, 0 remain pending
[2018.11.26-06.43.48:117][  0]LogPakFile: Registered encryption key '00000000000000000000000000000000': 0 pak files mounted, 0 remain pending
[2018.11.26-06.43.48:124][  0]LogPakFile: Registered encryption key '00000000000000000000000000000000': 0 pak files mounted, 0 remain pending
[2018.11.26-06.43.48:132][  0]LogPakFile: Registered encryption key '00000000000000000000000000000000': 0 pak files mounted, 0 remain pending
[2018.11.26-06.43.48:139][  0]LogPakFile: Registered encryption key '00000000000000000000000000000000': 0 pak files mounted, 0 remain pending
[2018.11.26-06.43.48:144][  0]LogPakFile: Registered encryption key '00000000000000000000000000000000': 0 pak files mounted, 0 remain pending
[2018.11.26-06.43.48:150][  0]LogPakFile: Registered encryption key '00000000000000000000000000000000': 0 pak files mounted, 0 remain pending
[2018.11.26-06.43.48:157][  0]LogPakFile: Registered encryption key '00000000000000000000000000000000': 0 pak files mounted, 0 remain pending
[2018.11.26-06.43.48:163][  0]LogPakFile: Registered encryption key '00000000000000000000000000000000': 0 pak files mounted, 0 remain pending
[2018.11.26-06.43.48:168][  0]LogPakFile: Registered encryption key '00000000000000000000000000000000': 0 pak files mounted, 0 remain pending
[2018.11.26-06.43.48:212][  0]LogPakFile: Registered encryption key '00000000000000000000000000000000': 0 pak files mounted, 0 remain pending
[2018.11.26-06.43.48:218][  0]LogPakFile: Registered encryption key '00000000000000000000000000000000': 0 pak files mounted, 0 remain pending
[2018.11.26-06.43.48:223][  0]LogPakFile: Registered encryption key '00000000000000000000000000000000': 0 pak files mounted, 0 remain pending
[2018.11.26-06.43.48:229][  0]LogPakFile: Registered encryption key '00000000000000000000000000000000': 0 pak files mounted, 0 remain pending
[2018.11.26-06.43.48:287][  0]LogPakFile: Registered encryption key '00000000000000000000000000000000': 0 pak files mounted, 0 remain pending
[2018.11.26-06.43.48:293][  0]LogPakFile: Registered encryption key '00000000000000000000000000000000': 0 pak files mounted, 0 remain pending
[2018.11.26-06.43.48:301][  0]LogPakFile: Registered encryption key '00000000000000000000000000000000': 0 pak files mounted, 0 remain pending
[2018.11.26-06.43.48:307][  0]LogPakFile: Registered encryption key '00000000000000000000000000000000': 0 pak files mounted, 0 remain pending
[2018.11.26-06.43.48:314][  0]LogPakFile: Registered encryption key '00000000000000000000000000000000': 0 pak files mounted, 0 remain pending
[2018.11.26-06.43.48:319][  0]LogPakFile: Registered encryption key '00000000000000000000000000000000': 0 pak files mounted, 0 remain pending
[2018.11.26-06.43.48:464][  0]LogContentBrowser: Native class hierarchy updated for 'AddContentDialog' in 0.0003 seconds. Added 0 classes and 0 folders.
[2018.11.26-06.43.48:468][  0]LogContentBrowser: Native class hierarchy updated for 'SceneOutliner' in 0.0004 seconds. Added 1 classes and 2 folders.
[2018.11.26-06.43.48:490][  0]LogSlate: Updating window title bar state: overlay mode, drag disabled, window buttons hidden, title bar hidden
[2018.11.26-06.43.48:500][  0]LogSlate: Updating window title bar state: overlay mode, drag disabled, window buttons hidden, title bar hidden
[2018.11.26-06.43.48:509][  0]LogSlate: Updating window title bar state: overlay mode, drag disabled, window buttons hidden, title bar hidden
[2018.11.26-06.43.48:520][  0]LogSlate: Updating window title bar state: overlay mode, drag disabled, window buttons hidden, title bar hidden
[2018.11.26-06.43.48:541][  0]LogSlate: Took 0.004855 seconds to synchronously load lazily loaded font '../../../Engine/Content/Slate/Fonts/Roboto-Regular.ttf' (155K)
[2018.11.26-06.43.48:550][  0]LogSlate: Took 0.006436 seconds to synchronously load lazily loaded font '../../../Engine/Content/Slate/Fonts/Roboto-Bold.ttf' (160K)
[2018.11.26-06.43.48:562][  0]LogSlate: Took 0.005546 seconds to synchronously load lazily loaded font '../../../Engine/Content/Editor/Slate/Fonts/FontAwesome.ttf' (139K)
[2018.11.26-06.43.48:743][  0]LogRenderer: Reallocating scene render targets to support 1256x728 Format 10 NumSamples 1 (Frame:1).
[2018.11.26-06.43.48:999][  0]LogContentBrowser: Native class hierarchy updated for 'HierarchicalLODOutliner' in 0.0004 seconds. Added 0 classes and 0 folders.
[2018.11.26-06.43.48:999][  0]LogLoad: (Engine Initialization) Total time: 21.09 seconds
[2018.11.26-06.43.48:999][  0]LogLoad: (Engine Initialization) Total Blueprint compile time: 0.00 seconds
[2018.11.26-06.43.49:074][  0]LogContentStreaming: Texture pool size now 1000 MB
[2018.11.26-06.43.49:909][  3]LogAssetRegistry: Asset discovery search completed in 11.4079 seconds
[2018.11.26-06.43.49:911][  3]LogCollectionManager: Rebuilt the object cache for 0 collections in 0.000000 seconds (found 0 objects)
[2018.11.26-06.43.49:911][  3]LogCollectionManager: Fixed up redirectors for 0 collections in 0.000049 seconds (updated 0 objects)
[2018.11.26-06.51.38:566][796]LogSlate: FSceneViewport::OnFocusLost() reason 0
[2018.11.26-06.51.38:784][802]LogSlate: Took 0.004769 seconds to synchronously load lazily loaded font '../../../Engine/Content/Slate/Fonts/Roboto-Light.ttf' (167K)
[2018.11.26-06.51.38:881][802]LogAIModule: Creating AISystem for world HouseMap1-0
[2018.11.26-06.51.38:893][802]LogAssetEditorManager: Opening Asset editor for World /Game/MyContent/Maps/HouseMap1-0.HouseMap1-0
[2018.11.26-06.51.38:917][802]Cmd: MAP LOAD FILE="Q:/Fall 2018/Environment/UnrealRepo/UnrealEnvironments/House/HouseFund/Content/MyContent/Maps/HouseMap1-0.umap" TEMPLATE=0 SHOWPROGRESS=1 FEATURELEVEL=3
[2018.11.26-06.51.38:917][802]LightingResults: New page: Lighting Build
[2018.11.26-06.51.38:919][802]LoadErrors: New page: Loading map: HouseMap1-0.umap
[2018.11.26-06.51.38:920][802]MapCheck: New page: Map Check
[2018.11.26-06.51.38:920][802]LightingResults: New page: Lighting Build
[2018.11.26-06.51.38:951][802]LogEditorServer: Finished looking for orphan Actors (0.000 secs)
[2018.11.26-06.51.39:006][802]Cmd: MAP CHECKDEP NOCLEARLOG
[2018.11.26-06.51.39:006][802]MapCheck: Map check complete: 0 Error(s), 0 Warning(s), took 0.118ms to complete.
[2018.11.26-06.51.39:006][802]LogFileHelpers: Loading map 'HouseMap1-0' took 0.089
[2018.11.26-07.29.57:913][325]LogEditorViewport: Clicking on Actor (LMB): BP_Sky_Sphere_C (Sky Sphere)
[2018.11.26-07.37.37:500][464]LogSlate: FSceneViewport::OnFocusLost() reason 2
[2018.11.26-07.37.39:230][562]LogSlate: FSceneViewport::OnFocusLost() reason 2
[2018.11.26-07.37.40:325][562]LogSlate: Window 'New Level' being destroyed
[2018.11.26-07.37.40:330][562]Cmd: MAP LOAD FILE="../../../Engine/Content/Maps/Templates/Template_Default.umap" TEMPLATE=1 SHOWPROGRESS=1 FEATURELEVEL=3
[2018.11.26-07.37.40:338][562]LogSlate: FSceneViewport::OnFocusLost() reason 2
[2018.11.26-07.37.40:348][562]LightingResults: New page: Lighting Build
[2018.11.26-07.37.40:349][562]LoadErrors: New page: Loading map: Template_Default.umap
[2018.11.26-07.37.40:354][562]MapCheck: New page: Map Check
[2018.11.26-07.37.40:354][562]LightingResults: New page: Lighting Build
[2018.11.26-07.37.40:413][562]LogAIModule: Creating AISystem for world Untitled_1
[2018.11.26-07.37.40:425][562]LogEditorServer: Finished looking for orphan Actors (0.000 secs)
[2018.11.26-07.37.40:457][562]Cmd: MAP CHECKDEP NOCLEARLOG
[2018.11.26-07.37.40:458][562]MapCheck: Map check complete: 0 Error(s), 0 Warning(s), took 0.123ms to complete.
[2018.11.26-07.37.40:458][562]LogFileHelpers: Loading map 'Template_Default' took 0.129
[2018.11.26-07.37.49:147][807]LogSlate: FSceneViewport::OnFocusLost() reason 0
[2018.11.26-07.37.51:163][867]Cmd: BRUSH ADD SELECTNEWBRUSH
[2018.11.26-07.37.52:596][904]LogSlate: FSceneViewport::OnFocusLost() reason 0
[2018.11.26-07.38.00:780][141]LogEditorViewport: Clicking on Actor (LMB): BP_Sky_Sphere_C (Sky Sphere)
[2018.11.26-07.38.25:418][817]LogEditorViewport: Clicking on Actor (LMB): BP_Sky_Sphere_C (Sky Sphere)
[2018.11.26-07.38.27:293][865]LogEditorViewport: Clicking on Actor (LMB): StaticMeshActor (Floor)
[2018.11.26-07.38.47:320][390]LogSlate: FSceneViewport::OnFocusLost() reason 0
[2018.11.26-07.39.36:760][680]LogSlate: Took 0.001196 seconds to synchronously load lazily loaded font '../../../Engine/Content/Slate/Fonts/Roboto-Light.ttf' (167K)
[2018.11.26-07.39.44:940][680]LogSlate: Window 'Save Level As' being destroyed
[2018.11.26-07.39.45:149][680]LogSavePackage: Moving 'Q:/Fall 2018/Environment/UnrealRepo/UnrealEnvironments/House/HouseFund/Saved/HouseMap2-0BBBACF104610F2111C02D4A72D4C8409.tmp' to 'Q:/Fall 2018/Environment/UnrealRepo/UnrealEnvironments/House/HouseFund/Content/MyContent/Maps/HouseMap2-0.umap'
[2018.11.26-07.39.45:213][680]LogSavePackage: Moving 'Q:/Fall 2018/Environment/UnrealRepo/UnrealEnvironments/House/HouseFund/Saved/HouseMap2-0_BuiltDataD0932AFF4181BC6864BBB2A5734CE65C.tmp' to 'Q:/Fall 2018/Environment/UnrealRepo/UnrealEnvironments/House/HouseFund/Content/MyContent/Maps/HouseMap2-0_BuiltData.uasset'
[2018.11.26-07.39.45:221][680]LogFileHelpers: Saving map 'HouseMap2-0' took 0.276
[2018.11.26-07.39.58:460][ 49]LogEditorViewport: Clicking on Actor (LMB): BP_Sky_Sphere_C (Sky Sphere)
[2018.11.26-07.40.27:017][787]LogSlate: FSceneViewport::OnFocusLost() reason 0
[2018.11.26-07.42.34:712][985]LogEditorViewport: Clicking on Actor (LMB): SkeletalMeshActor (TutorialTPP)
[2018.11.26-07.42.35:505][  6]LogEditorViewport: Clicking on Actor (LMB): SkeletalMeshActor (TutorialTPP)
[2018.11.26-07.42.42:937][190]LogEditorViewport: Clicking on Actor (LMB): BP_Sky_Sphere_C (Sky Sphere)
[2018.11.26-07.42.44:459][228]LogSlate: FSceneViewport::OnFocusLost() reason 2
[2018.11.26-07.42.48:878][343]LogSlate: FSceneViewport::OnFocusLost() reason 2
[2018.11.26-07.42.49:072][346]LogEditorViewport: Clicking on Actor (LMB): BP_Sky_Sphere_C (Sky Sphere)
[2018.11.26-07.42.49:974][369]LogSlate: FSceneViewport::OnFocusLost() reason 2
[2018.11.26-07.42.50:172][369]LogSavePackage: Moving 'Q:/Fall 2018/Environment/UnrealRepo/UnrealEnvironments/House/HouseFund/Saved/HouseMap2-0CF4CFC0E4A5A471539E964BA5022DBC3.tmp' to 'Q:/Fall 2018/Environment/UnrealRepo/UnrealEnvironments/House/HouseFund/Content/MyContent/Maps/HouseMap2-0.umap'
[2018.11.26-07.42.50:232][369]LogSavePackage: Moving 'Q:/Fall 2018/Environment/UnrealRepo/UnrealEnvironments/House/HouseFund/Saved/HouseMap2-0_BuiltDataAB92ED794218D0AAD426F1ACFC88135D.tmp' to 'Q:/Fall 2018/Environment/UnrealRepo/UnrealEnvironments/House/HouseFund/Content/MyContent/Maps/HouseMap2-0_BuiltData.uasset'
[2018.11.26-07.43.16:370][528]LogEditorViewport: Clicking on Actor (LMB): BP_Sky_Sphere_C (Sky Sphere)
[2018.11.26-07.56.46:900][788]LogSlate: FSceneViewport::OnFocusLost() reason 0
